#
# There is insufficient memory for the Java Runtime Environment to continue.
# Native memory allocation (malloc) failed to allocate 1048576 bytes for AllocateHeap
# Possible reasons:
#   The system is out of physical RAM or swap space
#   In 32 bit mode, the process size limit was hit
# Possible solutions:
#   Reduce memory load on the system
#   Increase physical memory or swap space
#   Check if swap backing store is full
#   Use 64 bit Java on a 64 bit OS
#   Decrease Java heap size (-Xmx/-Xms)
#   Decrease number of Java threads
#   Decrease Java thread stack sizes (-Xss)
#   Set larger code cache with -XX:ReservedCodeCacheSize=
# This output file may be truncated or incomplete.
#
#  Out of Memory Error (memory/allocation.inline.hpp:61), pid=10792, tid=8072
#
# JRE version:  (8.0_77-b03) (build )
# Java VM: Java HotSpot(TM) 64-Bit Server VM (25.77-b03 mixed mode windows-amd64 compressed oops)
# Failed to write core dump. Minidumps are not enabled by default on client versions of Windows
#

---------------  T H R E A D  ---------------

Current thread (0x000000000326d800):  JavaThread "Unknown thread" [_thread_in_vm, id=8072, stack(0x0000000002ce0000,0x0000000002de0000)]

Stack: [0x0000000002ce0000,0x0000000002de0000]
[error occurred during error reporting (printing stack bounds), id 0xc0000005]

Native frames: (J=compiled Java code, j=interpreted, Vv=VM code, C=native code)


---------------  P R O C E S S  ---------------

Java Threads: ( => current thread )

Other Threads:

=>0x000000000326d800 (exited) JavaThread "Unknown thread" [_thread_in_vm, id=8072, stack(0x0000000002ce0000,0x0000000002de0000)]

VM state:not at safepoint (normal execution)

VM Mutex/Monitor currently owned by a thread: None

Heap:
 PSYoungGen      total 18944K, used 327K [0x00000000eaf80000, 0x00000000ec480000, 0x0000000100000000)
  eden space 16384K, 2% used [0x00000000eaf80000,0x00000000eafd1ec8,0x00000000ebf80000)
  from space 2560K, 0% used [0x00000000ec200000,0x00000000ec200000,0x00000000ec480000)
  to   space 2560K, 0% used [0x00000000ebf80000,0x00000000ebf80000,0x00000000ec200000)
 ParOldGen       total 44032K, used 0K [0x00000000c0e00000, 0x00000000c3900000, 0x00000000eaf80000)
  object space 44032K, 0% used [0x00000000c0e00000,0x00000000c0e00000,0x00000000c3900000)
 Metaspace       used 769K, capacity 4480K, committed 4480K, reserved 1056768K
  class space    used 75K, capacity 384K, committed 384K, reserved 1048576K

Card table byte_map: [0x0000000012630000,0x0000000012830000] byte_map_base: 0x0000000012029000

Marking Bits: (ParMarkBitMap*) 0x0000000065510600
 Begin Bits: [0x0000000012d90000, 0x0000000013d58000)
 End Bits:   [0x0000000013d58000, 0x0000000014d20000)

Polling page: 0x0000000001370000

CodeCache: size=245760Kb used=328Kb max_used=328Kb free=245431Kb
 bounds [0x0000000003270000, 0x00000000034e0000, 0x0000000012270000]
 total_blobs=58 nmethods=0 adapters=38
 compilation: enabled

Compilation events (0 events):
No events

GC Heap History (0 events):
No events

Deoptimization events (0 events):
No events

Internal exceptions (0 events):
No events

Events (10 events):
Event: 0.031 loading class java/lang/Short
Event: 0.031 loading class java/lang/Short done
Event: 0.031 loading class java/lang/Integer
Event: 0.032 loading class java/lang/Integer done
Event: 0.032 loading class java/lang/Long
Event: 0.032 loading class java/lang/Long done
Event: 0.033 loading class java/lang/NullPointerException
Event: 0.033 loading class java/lang/NullPointerException done
Event: 0.033 loading class java/lang/ArithmeticException
Event: 0.033 loading class java/lang/ArithmeticException done


Dynamic libraries:
0x00007ff6299e0000 - 0x00007ff629a17000 	C:\Program Files\Java\jdk1.8.0_77\bin\java.exe
0x00007ffb18ea0000 - 0x00007ffb19061000 	C:\WINDOWS\SYSTEM32\ntdll.dll
0x00007ffb18df0000 - 0x00007ffb18e9d000 	C:\WINDOWS\system32\KERNEL32.DLL
0x00007ffaf9590000 - 0x00007ffaf95c3000 	C:\Program Files (x86)\AVG\Antivirus\x64\aswhooka.dll
0x00007ffb160b0000 - 0x00007ffb16298000 	C:\WINDOWS\system32\KERNELBASE.dll
0x00007ffb16740000 - 0x00007ffb167e7000 	C:\WINDOWS\system32\ADVAPI32.dll
0x00007ffb18920000 - 0x00007ffb189bd000 	C:\WINDOWS\system32\msvcrt.dll
0x00007ffb162a0000 - 0x00007ffb162fb000 	C:\WINDOWS\system32\sechost.dll
0x00007ffb16ef0000 - 0x00007ffb1700c000 	C:\WINDOWS\system32\RPCRT4.dll
0x00007ffb16870000 - 0x00007ffb169c6000 	C:\WINDOWS\system32\USER32.dll
0x00007ffb16300000 - 0x00007ffb16486000 	C:\WINDOWS\system32\GDI32.dll
0x00007ffb04f50000 - 0x00007ffb051c4000 	C:\WINDOWS\WinSxS\amd64_microsoft.windows.common-controls_6595b64144ccf1df_6.0.10586.0_none_8c15ae12515e1c22\COMCTL32.dll
0x00007ffb17010000 - 0x00007ffb1728d000 	C:\WINDOWS\system32\combase.dll
0x00007ffb15550000 - 0x00007ffb155ba000 	C:\WINDOWS\system32\bcryptPrimitives.dll
0x00007ffb16700000 - 0x00007ffb1673b000 	C:\WINDOWS\system32\IMM32.DLL
0x0000000064c20000 - 0x0000000064cf2000 	C:\Program Files\Java\jdk1.8.0_77\jre\bin\msvcr100.dll
0x0000000064d00000 - 0x0000000065590000 	C:\Program Files\Java\jdk1.8.0_77\jre\bin\server\jvm.dll
0x00007ffb169d0000 - 0x00007ffb169d8000 	C:\WINDOWS\system32\PSAPI.DLL
0x00007ffb04900000 - 0x00007ffb04909000 	C:\WINDOWS\SYSTEM32\WSOCK32.dll
0x00007ffb16cd0000 - 0x00007ffb16d3b000 	C:\WINDOWS\system32\WS2_32.dll
0x00007ffb13bc0000 - 0x00007ffb13be3000 	C:\WINDOWS\SYSTEM32\WINMM.dll
0x00007ffb07590000 - 0x00007ffb0759a000 	C:\WINDOWS\SYSTEM32\VERSION.dll
0x00007ffb13b90000 - 0x00007ffb13bbc000 	C:\WINDOWS\SYSTEM32\WINMMBASE.dll
0x00007ffb15620000 - 0x00007ffb15663000 	C:\WINDOWS\system32\cfgmgr32.dll
0x0000000064bd0000 - 0x0000000064bdf000 	C:\Program Files\Java\jdk1.8.0_77\jre\bin\verify.dll
0x0000000064ba0000 - 0x0000000064bc9000 	C:\Program Files\Java\jdk1.8.0_77\jre\bin\java.dll
0x0000000064b80000 - 0x0000000064b96000 	C:\Program Files\Java\jdk1.8.0_77\jre\bin\zip.dll

VM Arguments:
jvm_args: -Dfile.encoding=UTF-8 
java_command: FiboCrossover.FiboCrossover
java_class_path (initial): C:\Program Files (x86)\jfreechart\lib\hamcrest-core-1.3.jar;C:\Program Files (x86)\jfreechart\lib\jcommon-1.0.23.jar;C:\Program Files (x86)\jfreechart\lib\jfreechart-1.0.19-experimental.jar;C:\Program Files (x86)\jfreechart\lib\jfreechart-1.0.19-swt.jar;C:\Program Files (x86)\jfreechart\lib\jfreechart-1.0.19.jar;C:\Program Files (x86)\jfreechart\lib\jfreesvg-2.0.jar;C:\Program Files (x86)\jfreechart\lib\junit-4.11.jar;C:\Program Files (x86)\jfreechart\lib\orsoncharts-1.4-eval-nofx.jar;C:\Program Files (x86)\jfreechart\lib\orsonpdf-1.6-eval.jar;C:\Program Files (x86)\jfreechart\lib\servlet.jar;C:\Program Files (x86)\jfreechart\lib\swtgraphics2d.jar;C:\Users\CY\Documents\NetBeansProjects\FiboCrossover\build\classes
Launcher Type: SUN_STANDARD

Environment Variables:
PATH=C:\ProgramData\Oracle\Java\javapath;C:\Program Files (x86)\Intel\iCLS Client\;C:\Program Files\Intel\iCLS Client\;C:\WINDOWS\system32;C:\WINDOWS;C:\WINDOWS\System32\Wbem;C:\WINDOWS\System32\WindowsPowerShell\v1.0\;C:\Program Files\MATLAB\R2015b\runtime\win64;C:\Program Files\MATLAB\R2015b\bin;C:\Program Files\MATLAB\R2015b\polyspace\bin;C:\Program Files (x86)\Calibre2\;C:\Program Files (x86)\Skype\Phone\;C:\ProgramData\Oracle\Java\javapath;C:\Program Files (x86)\Intel\iCLS Client\;C:\Program Files\Intel\iCLS Client\;C:\WINDOWS\system32;C:\WINDOWS;C:\WINDOWS\System32\Wbem;C:\WINDOWS\System32\WindowsPowerShell\v1.0\;C:\Program Files\MATLAB\R2015b\runtime\win64;C:\Program Files\MATLAB\R2015b\bin;C:\Program Files\MATLAB\R2015b\polyspace\bin;C:\Program Files (x86)\Calibre2\;C:\ProgramData\Oracle\Java\javapath;C:\Program Files (x86)\Intel\iCLS Client\;C:\Program Files\Intel\iCLS Client\;C:\WINDOWS\system32;C:\WINDOWS;C:\WINDOWS\System32\Wbem;C:\WINDOWS\System32\WindowsPowerShell\v1.0\;C:\Program Files\MATLAB\R2015b\runtime\win64;C:\Program Files\MATLAB\R2015b\bin;C:\Program Files\MATLAB\R2015b\polyspace\bin;C:\Program Files (x86)\Calibre2\;C:\Program Files (x86)\clisp-2.49:C:\MinGW\bin;C:\MinGW\bin;C:\Users\CY\AppData\Local\Programs\EmEditor
USERNAME=CY
OS=Windows_NT
PROCESSOR_IDENTIFIER=Intel64 Family 6 Model 69 Stepping 1, GenuineIntel



---------------  S Y S T E M  ---------------

OS: Windows 10.0 , 64 bit Build 10586 (10.0.10586.0)

CPU:total 4 (2 cores per cpu, 2 threads per core) family 6 model 69 stepping 1, cmov, cx8, fxsr, mmx, sse, sse2, sse3, ssse3, sse4.1, sse4.2, popcnt, avx, avx2, aes, clmul, erms, lzcnt, ht, tsc, tscinvbit, bmi1, bmi2

Memory: 4k page, physical 4133144k(620152k free), swap 7196340k(5836k free)

vm_info: Java HotSpot(TM) 64-Bit Server VM (25.77-b03) for windows-amd64 JRE (1.8.0_77-b03), built on Mar 20 2016 22:01:33 by "java_re" with MS VC++ 10.0 (VS2010)

time: Sun Apr 23 17:48:37 2017
elapsed time: 0 seconds (0d 0h 0m 0s)

