#
# There is insufficient memory for the Java Runtime Environment to continue.
# Native memory allocation (malloc) failed to allocate 1265136 bytes for Chunk::new
# Possible reasons:
#   The system is out of physical RAM or swap space
#   In 32 bit mode, the process size limit was hit
# Possible solutions:
#   Reduce memory load on the system
#   Increase physical memory or swap space
#   Check if swap backing store is full
#   Use 64 bit Java on a 64 bit OS
#   Decrease Java heap size (-Xmx/-Xms)
#   Decrease number of Java threads
#   Decrease Java thread stack sizes (-Xss)
#   Set larger code cache with -XX:ReservedCodeCacheSize=
# This output file may be truncated or incomplete.
#
#  Out of Memory Error (allocation.cpp:390), pid=5704, tid=3572
#
# JRE version: Java(TM) SE Runtime Environment (8.0_77-b03) (build 1.8.0_77-b03)
# Java VM: Java HotSpot(TM) 64-Bit Server VM (25.77-b03 mixed mode windows-amd64 compressed oops)
# Failed to write core dump. Minidumps are not enabled by default on client versions of Windows
#

---------------  T H R E A D  ---------------

Current thread (0x000000001554d000):  JavaThread "C2 CompilerThread1" daemon [_thread_in_native, id=3572, stack(0x0000000016f50000,0x0000000017050000)]

Stack: [0x0000000016f50000,0x0000000017050000]
[error occurred during error reporting (printing stack bounds), id 0xc0000005]

Native frames: (J=compiled Java code, j=interpreted, Vv=VM code, C=native code)


Current CompileTask:
C2:   4793  657       4       FiboCrossover.Prices::readParsedFile (169 bytes)


---------------  P R O C E S S  ---------------

Java Threads: ( => current thread )
  0x00000000168d9000 JavaThread "Service Thread" daemon [_thread_blocked, id=5848, stack(0x0000000017150000,0x0000000017250000)]
  0x000000001685d800 JavaThread "C1 CompilerThread2" daemon [_thread_blocked, id=9608, stack(0x0000000017050000,0x0000000017150000)]
=>0x000000001554d000 JavaThread "C2 CompilerThread1" daemon [_thread_in_native, id=3572, stack(0x0000000016f50000,0x0000000017050000)]
  0x000000001554a800 JavaThread "C2 CompilerThread0" daemon [_thread_in_native, id=5916, stack(0x0000000016e50000,0x0000000016f50000)]
  0x00000000154fe000 JavaThread "Attach Listener" daemon [_thread_blocked, id=5304, stack(0x0000000016d50000,0x0000000016e50000)]
  0x0000000016858800 JavaThread "Signal Dispatcher" daemon [_thread_blocked, id=11488, stack(0x0000000016c50000,0x0000000016d50000)]
  0x00000000154da800 JavaThread "Finalizer" daemon [_thread_blocked, id=2308, stack(0x0000000016750000,0x0000000016850000)]
  0x00000000154b9000 JavaThread "Reference Handler" daemon [_thread_blocked, id=3920, stack(0x0000000016650000,0x0000000016750000)]
  0x00000000028ed800 JavaThread "main" [_thread_in_Java, id=8408, stack(0x0000000002ca0000,0x0000000002da0000)]

Other Threads:
  0x00000000154b7800 VMThread [stack: 0x0000000016550000,0x0000000016650000] [id=6080]
  0x0000000016932000 WatcherThread [stack: 0x0000000017250000,0x0000000017350000] [id=10488]

VM state:not at safepoint (normal execution)

VM Mutex/Monitor currently owned by a thread: None

Heap:
 PSYoungGen      total 99328K, used 34856K [0x00000000eaf80000, 0x00000000f1880000, 0x0000000100000000)
  eden space 91136K, 38% used [0x00000000eaf80000,0x00000000ed18a170,0x00000000f0880000)
  from space 8192K, 0% used [0x00000000f0880000,0x00000000f0880000,0x00000000f1080000)
  to   space 8192K, 0% used [0x00000000f1080000,0x00000000f1080000,0x00000000f1880000)
 ParOldGen       total 44032K, used 44025K [0x00000000c0e00000, 0x00000000c3900000, 0x00000000eaf80000)
  object space 44032K, 99% used [0x00000000c0e00000,0x00000000c38fe428,0x00000000c3900000)
 Metaspace       used 5565K, capacity 5784K, committed 6144K, reserved 1056768K
  class space    used 596K, capacity 649K, committed 768K, reserved 1048576K

Card table byte_map: [0x0000000012260000,0x0000000012460000] byte_map_base: 0x0000000011c59000

Marking Bits: (ParMarkBitMap*) 0x0000000065510600
 Begin Bits: [0x00000000129c0000, 0x0000000013988000)
 End Bits:   [0x0000000013988000, 0x0000000014950000)

Polling page: 0x0000000001070000

CodeCache: size=245760Kb used=3139Kb max_used=3173Kb free=242620Kb
 bounds [0x0000000002ea0000, 0x00000000031d0000, 0x0000000011ea0000]
 total_blobs=951 nmethods=651 adapters=213
 compilation: enabled

Compilation events (10 events):
Event: 3.628 Thread 0x000000001554d000 nmethod 653 0x0000000003193210 code [0x0000000003193360, 0x0000000003193478]
Event: 3.643 Thread 0x000000001554d000  654       4       java.nio.HeapCharBuffer::put (54 bytes)
Event: 3.645 Thread 0x000000001554d000 nmethod 654 0x0000000003192cd0 code [0x0000000003192e20, 0x0000000003192ff8]
Event: 3.731 Thread 0x000000001554a800 nmethod 647 0x000000000319ca10 code [0x000000000319cd40, 0x000000000319f6c0]
Event: 4.042 Thread 0x000000001554d000  655 %     4       FiboCrossover.Prices::readParsedFile @ 34 (169 bytes)
Event: 4.416 Thread 0x000000001554d000 nmethod 655% 0x00000000031ac0d0 code [0x00000000031ac800, 0x00000000031b3170]
Event: 4.416 Thread 0x000000001554a800  656   !   4       java.nio.charset.CharsetDecoder::decode (287 bytes)
Event: 4.421 Thread 0x000000001554d000  657       4       FiboCrossover.Prices::readParsedFile (169 bytes)
Event: 4.425 Thread 0x000000001554a800 nmethod 656 0x0000000003191d10 code [0x0000000003191f00, 0x0000000003192410]
Event: 4.523 Thread 0x000000001554a800  658   !   4       sun.nio.cs.StreamDecoder::read (196 bytes)

GC Heap History (10 events):
Event: 2.723 GC heap before
{Heap before GC invocations=20 (full 1):
 PSYoungGen      total 99328K, used 3680K [0x00000000eaf80000, 0x00000000f1880000, 0x0000000100000000)
  eden space 91136K, 0% used [0x00000000eaf80000,0x00000000eaf80000,0x00000000f0880000)
  from space 8192K, 44% used [0x00000000f0880000,0x00000000f0c18000,0x00000000f1080000)
  to   space 8192K, 0% used [0x00000000f1080000,0x00000000f1080000,0x00000000f1880000)
 ParOldGen       total 44032K, used 40314K [0x00000000c0e00000, 0x00000000c3900000, 0x00000000eaf80000)
  object space 44032K, 91% used [0x00000000c0e00000,0x00000000c355e878,0x00000000c3900000)
 Metaspace       used 5565K, capacity 5784K, committed 6144K, reserved 1056768K
  class space    used 596K, capacity 649K, committed 768K, reserved 1048576K
Event: 3.169 GC heap after
Heap after GC invocations=20 (full 1):
 PSYoungGen      total 99328K, used 0K [0x00000000eaf80000, 0x00000000f1880000, 0x0000000100000000)
  eden space 91136K, 0% used [0x00000000eaf80000,0x00000000eaf80000,0x00000000f0880000)
  from space 8192K, 0% used [0x00000000f0880000,0x00000000f0880000,0x00000000f1080000)
  to   space 8192K, 0% used [0x00000000f1080000,0x00000000f1080000,0x00000000f1880000)
 ParOldGen       total 44032K, used 41965K [0x00000000c0e00000, 0x00000000c3900000, 0x00000000eaf80000)
  object space 44032K, 95% used [0x00000000c0e00000,0x00000000c36fb7e8,0x00000000c3900000)
 Metaspace       used 5565K, capacity 5784K, committed 6144K, reserved 1056768K
  class space    used 596K, capacity 649K, committed 768K, reserved 1048576K
}
Event: 3.360 GC heap before
{Heap before GC invocations=21 (full 2):
 PSYoungGen      total 99328K, used 91136K [0x00000000eaf80000, 0x00000000f1880000, 0x0000000100000000)
  eden space 91136K, 100% used [0x00000000eaf80000,0x00000000f0880000,0x00000000f0880000)
  from space 8192K, 0% used [0x00000000f0880000,0x00000000f0880000,0x00000000f1080000)
  to   space 8192K, 0% used [0x00000000f1080000,0x00000000f1080000,0x00000000f1880000)
 ParOldGen       total 44032K, used 41965K [0x00000000c0e00000, 0x00000000c3900000, 0x00000000eaf80000)
  object space 44032K, 95% used [0x00000000c0e00000,0x00000000c36fb7e8,0x00000000c3900000)
 Metaspace       used 5565K, capacity 5784K, committed 6144K, reserved 1056768K
  class space    used 596K, capacity 649K, committed 768K, reserved 1048576K
Event: 3.622 GC heap after
Heap after GC invocations=21 (full 2):
 PSYoungGen      total 99328K, used 1681K [0x00000000eaf80000, 0x00000000f1880000, 0x0000000100000000)
  eden space 91136K, 1% used [0x00000000eaf80000,0x00000000eb124670,0x00000000f0880000)
  from space 8192K, 0% used [0x00000000f0880000,0x00000000f0880000,0x00000000f1080000)
  to   space 8192K, 0% used [0x00000000f1080000,0x00000000f1080000,0x00000000f1880000)
 ParOldGen       total 44032K, used 44025K [0x00000000c0e00000, 0x00000000c3900000, 0x00000000eaf80000)
  object space 44032K, 99% used [0x00000000c0e00000,0x00000000c38fe560,0x00000000c3900000)
 Metaspace       used 5565K, capacity 5784K, committed 6144K, reserved 1056768K
  class space    used 596K, capacity 649K, committed 768K, reserved 1048576K
}
Event: 3.795 GC heap before
{Heap before GC invocations=22 (full 3):
 PSYoungGen      total 99328K, used 91136K [0x00000000eaf80000, 0x00000000f1880000, 0x0000000100000000)
  eden space 91136K, 100% used [0x00000000eaf80000,0x00000000f0880000,0x00000000f0880000)
  from space 8192K, 0% used [0x00000000f0880000,0x00000000f0880000,0x00000000f1080000)
  to   space 8192K, 0% used [0x00000000f1080000,0x00000000f1080000,0x00000000f1880000)
 ParOldGen       total 44032K, used 44025K [0x00000000c0e00000, 0x00000000c3900000, 0x00000000eaf80000)
  object space 44032K, 99% used [0x00000000c0e00000,0x00000000c38fe560,0x00000000c3900000)
 Metaspace       used 5565K, capacity 5784K, committed 6144K, reserved 1056768K
  class space    used 596K, capacity 649K, committed 768K, reserved 1048576K
Event: 4.041 GC heap after
Heap after GC invocations=22 (full 3):
 PSYoungGen      total 99328K, used 5499K [0x00000000eaf80000, 0x00000000f1880000, 0x0000000100000000)
  eden space 91136K, 6% used [0x00000000eaf80000,0x00000000eb4defd8,0x00000000f0880000)
  from space 8192K, 0% used [0x00000000f0880000,0x00000000f0880000,0x00000000f1080000)
  to   space 8192K, 0% used [0x00000000f1080000,0x00000000f1080000,0x00000000f1880000)
 ParOldGen       total 44032K, used 44025K [0x00000000c0e00000, 0x00000000c3900000, 0x00000000eaf80000)
  object space 44032K, 99% used [0x00000000c0e00000,0x00000000c38fe428,0x00000000c3900000)
 Metaspace       used 5565K, capacity 5784K, committed 6144K, reserved 1056768K
  class space    used 596K, capacity 649K, committed 768K, reserved 1048576K
}
Event: 4.205 GC heap before
{Heap before GC invocations=23 (full 4):
 PSYoungGen      total 99328K, used 91136K [0x00000000eaf80000, 0x00000000f1880000, 0x0000000100000000)
  eden space 91136K, 100% used [0x00000000eaf80000,0x00000000f0880000,0x00000000f0880000)
  from space 8192K, 0% used [0x00000000f0880000,0x00000000f0880000,0x00000000f1080000)
  to   space 8192K, 0% used [0x00000000f1080000,0x00000000f1080000,0x00000000f1880000)
 ParOldGen       total 44032K, used 44025K [0x00000000c0e00000, 0x00000000c3900000, 0x00000000eaf80000)
  object space 44032K, 99% used [0x00000000c0e00000,0x00000000c38fe428,0x00000000c3900000)
 Metaspace       used 5565K, capacity 5784K, committed 6144K, reserved 1056768K
  class space    used 596K, capacity 649K, committed 768K, reserved 1048576K
Event: 4.406 GC heap after
Heap after GC invocations=23 (full 4):
 PSYoungGen      total 99328K, used 9113K [0x00000000eaf80000, 0x00000000f1880000, 0x0000000100000000)
  eden space 91136K, 9% used [0x00000000eaf80000,0x00000000eb866458,0x00000000f0880000)
  from space 8192K, 0% used [0x00000000f0880000,0x00000000f0880000,0x00000000f1080000)
  to   space 8192K, 0% used [0x00000000f1080000,0x00000000f1080000,0x00000000f1880000)
 ParOldGen       total 44032K, used 44025K [0x00000000c0e00000, 0x00000000c3900000, 0x00000000eaf80000)
  object space 44032K, 99% used [0x00000000c0e00000,0x00000000c38fe428,0x00000000c3900000)
 Metaspace       used 5565K, capacity 5784K, committed 6144K, reserved 1056768K
  class space    used 596K, capacity 649K, committed 768K, reserved 1048576K
}
Event: 4.559 GC heap before
{Heap before GC invocations=24 (full 5):
 PSYoungGen      total 99328K, used 91136K [0x00000000eaf80000, 0x00000000f1880000, 0x0000000100000000)
  eden space 91136K, 100% used [0x00000000eaf80000,0x00000000f0880000,0x00000000f0880000)
  from space 8192K, 0% used [0x00000000f0880000,0x00000000f0880000,0x00000000f1080000)
  to   space 8192K, 0% used [0x00000000f1080000,0x00000000f1080000,0x00000000f1880000)
 ParOldGen       total 44032K, used 44025K [0x00000000c0e00000, 0x00000000c3900000, 0x00000000eaf80000)
  object space 44032K, 99% used [0x00000000c0e00000,0x00000000c38fe428,0x00000000c3900000)
 Metaspace       used 5565K, capacity 5784K, committed 6144K, reserved 1056768K
  class space    used 596K, capacity 649K, committed 768K, reserved 1048576K
Event: 4.746 GC heap after
Heap after GC invocations=24 (full 5):
 PSYoungGen      total 99328K, used 12378K [0x00000000eaf80000, 0x00000000f1880000, 0x0000000100000000)
  eden space 91136K, 13% used [0x00000000eaf80000,0x00000000ebb96b88,0x00000000f0880000)
  from space 8192K, 0% used [0x00000000f0880000,0x00000000f0880000,0x00000000f1080000)
  to   space 8192K, 0% used [0x00000000f1080000,0x00000000f1080000,0x00000000f1880000)
 ParOldGen       total 44032K, used 44025K [0x00000000c0e00000, 0x00000000c3900000, 0x00000000eaf80000)
  object space 44032K, 99% used [0x00000000c0e00000,0x00000000c38fe428,0x00000000c3900000)
 Metaspace       used 5565K, capacity 5784K, committed 6144K, reserved 1056768K
  class space    used 596K, capacity 649K, committed 768K, reserved 1048576K
}

Deoptimization events (10 events):
Event: 3.234 Thread 0x00000000028ed800 Uncommon trap: reason=unstable_if action=reinterpret pc=0x00000000031786c0 method=sun.nio.cs.StreamDecoder.implRead([CII)I @ 119
Event: 3.234 Thread 0x00000000028ed800 Uncommon trap: reason=unstable_if action=reinterpret pc=0x000000000316f3c8 method=java.nio.charset.CharsetDecoder.decode(Ljava/nio/ByteBuffer;Ljava/nio/CharBuffer;Z)Ljava/nio/charset/CoderResult; @ 1
Event: 3.234 Thread 0x00000000028ed800 Uncommon trap: reason=unstable_if action=reinterpret pc=0x0000000003181d38 method=java.util.Scanner.hasTokenInBuffer()Z @ 68
Event: 3.234 Thread 0x00000000028ed800 Uncommon trap: reason=unstable_if action=reinterpret pc=0x000000000317bae0 method=java.nio.charset.CharsetDecoder.decode(Ljava/nio/ByteBuffer;Ljava/nio/CharBuffer;Z)Ljava/nio/charset/CoderResult; @ 15
Event: 3.234 Thread 0x00000000028ed800 Uncommon trap: reason=unstable_if action=reinterpret pc=0x0000000003063734 method=java.util.regex.Pattern$Slice.match(Ljava/util/regex/Matcher;ILjava/lang/CharSequence;)Z @ 29
Event: 3.234 Thread 0x00000000028ed800 Uncommon trap: reason=unstable_if action=reinterpret pc=0x0000000003079614 method=java.util.regex.Pattern$BmpCharProperty.match(Ljava/util/regex/Matcher;ILjava/lang/CharSequence;)Z @ 5
Event: 3.234 Thread 0x00000000028ed800 Uncommon trap: reason=unstable_if action=reinterpret pc=0x0000000003094338 method=java.util.regex.Pattern$Slice.match(Ljava/util/regex/Matcher;ILjava/lang/CharSequence;)Z @ 29
Event: 3.234 Thread 0x00000000028ed800 Uncommon trap: reason=unstable_if action=reinterpret pc=0x0000000003105c08 method=java.util.Scanner.hasTokenInBuffer()Z @ 43
Event: 3.234 Thread 0x00000000028ed800 Uncommon trap: reason=unstable_if action=reinterpret pc=0x0000000003171cac method=java.nio.charset.CharsetDecoder.decode(Ljava/nio/ByteBuffer;Ljava/nio/CharBuffer;Z)Ljava/nio/charset/CoderResult; @ 15
Event: 3.235 Thread 0x00000000028ed800 Uncommon trap: reason=unstable_if action=reinterpret pc=0x00000000031113e8 method=java.util.Scanner.getCompleteTokenInBuffer(Ljava/util/regex/Pattern;)Ljava/lang/String; @ 50

Internal exceptions (8 events):
Event: 0.046 Thread 0x00000000028ed800 Exception <a 'java/lang/NoSuchMethodError': Method sun.misc.Unsafe.defineClass(Ljava/lang/String;[BII)Ljava/lang/Class; name or signature does not match> (0x00000000eaf87cc0) thrown at [D:\re\workspace\8-2-build-windows-amd64-cygwin\jdk8u77\6540\hotspot\srÿÂ`ÝŠÁ§?
Event: 0.046 Thread 0x00000000028ed800 Exception <a 'java/lang/NoSuchMethodError': Method sun.misc.Unsafe.prefetchRead(Ljava/lang/Object;J)V name or signature does not match> (0x00000000eaf87fa8) thrown at [D:\re\workspace\8-2-build-windows-amd64-cygwin\jdk8u77\6540\hotspot\src\share\vm\prims\j2pyXÔÅ?
Event: 0.171 Thread 0x00000000028ed800 Exception <a 'java/security/PrivilegedActionException'> (0x00000000eb0ddc18) thrown at [D:\re\workspace\8-2-build-windows-amd64-cygwin\jdk8u77\6540\hotspot\src\share\vm\prims\jvm.cpp, line 1386]
Event: 0.171 Thread 0x00000000028ed800 Exception <a 'java/security/PrivilegedActionException'> (0x00000000eb0de010) thrown at [D:\re\workspace\8-2-build-windows-amd64-cygwin\jdk8u77\6540\hotspot\src\share\vm\prims\jvm.cpp, line 1386]
Event: 0.171 Thread 0x00000000028ed800 Exception <a 'java/security/PrivilegedActionException'> (0x00000000eb0e2040) thrown at [D:\re\workspace\8-2-build-windows-amd64-cygwin\jdk8u77\6540\hotspot\src\share\vm\prims\jvm.cpp, line 1386]
Event: 0.171 Thread 0x00000000028ed800 Exception <a 'java/security/PrivilegedActionException'> (0x00000000eb0e2438) thrown at [D:\re\workspace\8-2-build-windows-amd64-cygwin\jdk8u77\6540\hotspot\src\share\vm\prims\jvm.cpp, line 1386]
Event: 0.240 Thread 0x00000000028ed800 Exception <a 'java/lang/NoSuchFieldError': method resolution failed> (0x00000000eb1ed220) thrown at [D:\re\workspace\8-2-build-windows-amd64-cygwin\jdk8u77\6540\hotspot\src\share\vm\prims\methodHandles.cpp, line 1146]
Event: 0.242 Thread 0x00000000028ed800 Exception <a 'java/lang/NoSuchFieldError': method resolution failed> (0x00000000eb1fa620) thrown at [D:\re\workspace\8-2-build-windows-amd64-cygwin\jdk8u77\6540\hotspot\src\share\vm\prims\methodHandles.cpp, line 1146]

Events (10 events):
Event: 3.795 Executing VM operation: ParallelGCFailedAllocation
Event: 4.041 Executing VM operation: ParallelGCFailedAllocation done
Event: 4.145 Executing VM operation: EnableBiasedLocking
Event: 4.146 Executing VM operation: EnableBiasedLocking done
Event: 4.204 Executing VM operation: ParallelGCFailedAllocation
Event: 4.406 Executing VM operation: ParallelGCFailedAllocation done
Event: 4.421 Thread 0x00000000028ed800 DEOPT PACKING pc=0x0000000003161e95 sp=0x0000000002d9efa0
Event: 4.421 Thread 0x00000000028ed800 DEOPT UNPACKING pc=0x0000000002ee787f sp=0x0000000002d9ee08 mode 0
Event: 4.559 Executing VM operation: ParallelGCFailedAllocation
Event: 4.746 Executing VM operation: ParallelGCFailedAllocation done


Dynamic libraries:
0x00007ff79b390000 - 0x00007ff79b3c7000 	C:\Program Files\Java\jdk1.8.0_77\bin\java.exe
0x00007ffb18ea0000 - 0x00007ffb19061000 	C:\WINDOWS\SYSTEM32\ntdll.dll
0x00007ffb18df0000 - 0x00007ffb18e9d000 	C:\WINDOWS\system32\KERNEL32.DLL
0x00007ffaf9590000 - 0x00007ffaf95c3000 	C:\Program Files (x86)\AVG\Antivirus\x64\aswhooka.dll
0x00007ffb160b0000 - 0x00007ffb16298000 	C:\WINDOWS\system32\KERNELBASE.dll
0x00007ffb16740000 - 0x00007ffb167e7000 	C:\WINDOWS\system32\ADVAPI32.dll
0x00007ffb18920000 - 0x00007ffb189bd000 	C:\WINDOWS\system32\msvcrt.dll
0x00007ffb162a0000 - 0x00007ffb162fb000 	C:\WINDOWS\system32\sechost.dll
0x00007ffb16ef0000 - 0x00007ffb1700c000 	C:\WINDOWS\system32\RPCRT4.dll
0x00007ffb16870000 - 0x00007ffb169c6000 	C:\WINDOWS\system32\USER32.dll
0x00007ffb16300000 - 0x00007ffb16486000 	C:\WINDOWS\system32\GDI32.dll
0x00007ffb04f50000 - 0x00007ffb051c4000 	C:\WINDOWS\WinSxS\amd64_microsoft.windows.common-controls_6595b64144ccf1df_6.0.10586.0_none_8c15ae12515e1c22\COMCTL32.dll
0x00007ffb17010000 - 0x00007ffb1728d000 	C:\WINDOWS\system32\combase.dll
0x00007ffb15550000 - 0x00007ffb155ba000 	C:\WINDOWS\system32\bcryptPrimitives.dll
0x00007ffb16700000 - 0x00007ffb1673b000 	C:\WINDOWS\system32\IMM32.DLL
0x0000000064c20000 - 0x0000000064cf2000 	C:\Program Files\Java\jdk1.8.0_77\jre\bin\msvcr100.dll
0x0000000064d00000 - 0x0000000065590000 	C:\Program Files\Java\jdk1.8.0_77\jre\bin\server\jvm.dll
0x00007ffb169d0000 - 0x00007ffb169d8000 	C:\WINDOWS\system32\PSAPI.DLL
0x00007ffb04900000 - 0x00007ffb04909000 	C:\WINDOWS\SYSTEM32\WSOCK32.dll
0x00007ffb16cd0000 - 0x00007ffb16d3b000 	C:\WINDOWS\system32\WS2_32.dll
0x00007ffb13bc0000 - 0x00007ffb13be3000 	C:\WINDOWS\SYSTEM32\WINMM.dll
0x00007ffb07590000 - 0x00007ffb0759a000 	C:\WINDOWS\SYSTEM32\VERSION.dll
0x00007ffb13b90000 - 0x00007ffb13bbc000 	C:\WINDOWS\SYSTEM32\WINMMBASE.dll
0x00007ffb15620000 - 0x00007ffb15663000 	C:\WINDOWS\system32\cfgmgr32.dll
0x0000000064bd0000 - 0x0000000064bdf000 	C:\Program Files\Java\jdk1.8.0_77\jre\bin\verify.dll
0x0000000064ba0000 - 0x0000000064bc9000 	C:\Program Files\Java\jdk1.8.0_77\jre\bin\java.dll
0x0000000064b80000 - 0x0000000064b96000 	C:\Program Files\Java\jdk1.8.0_77\jre\bin\zip.dll
0x00007ffb173c0000 - 0x00007ffb1891c000 	C:\WINDOWS\system32\SHELL32.dll
0x00007ffb15890000 - 0x00007ffb15ed4000 	C:\WINDOWS\system32\windows.storage.dll
0x00007ffb16810000 - 0x00007ffb16862000 	C:\WINDOWS\system32\shlwapi.dll
0x00007ffb154c0000 - 0x00007ffb154cf000 	C:\WINDOWS\system32\kernel.appcore.dll
0x00007ffb15670000 - 0x00007ffb15725000 	C:\WINDOWS\system32\shcore.dll
0x00007ffb154d0000 - 0x00007ffb1551b000 	C:\WINDOWS\system32\powrprof.dll
0x00007ffb15520000 - 0x00007ffb15534000 	C:\WINDOWS\system32\profapi.dll
0x0000000064b60000 - 0x0000000064b7a000 	C:\Program Files\Java\jdk1.8.0_77\jre\bin\net.dll
0x00007ffb14d90000 - 0x00007ffb14dec000 	C:\WINDOWS\system32\mswsock.dll
0x0000000064b40000 - 0x0000000064b51000 	C:\Program Files\Java\jdk1.8.0_77\jre\bin\nio.dll

VM Arguments:
jvm_args: -Dfile.encoding=UTF-8 
java_command: FiboCrossover.FiboCrossover
java_class_path (initial): C:\Program Files (x86)\jfreechart\lib\hamcrest-core-1.3.jar;C:\Program Files (x86)\jfreechart\lib\jcommon-1.0.23.jar;C:\Program Files (x86)\jfreechart\lib\jfreechart-1.0.19-experimental.jar;C:\Program Files (x86)\jfreechart\lib\jfreechart-1.0.19-swt.jar;C:\Program Files (x86)\jfreechart\lib\jfreechart-1.0.19.jar;C:\Program Files (x86)\jfreechart\lib\jfreesvg-2.0.jar;C:\Program Files (x86)\jfreechart\lib\junit-4.11.jar;C:\Program Files (x86)\jfreechart\lib\orsoncharts-1.4-eval-nofx.jar;C:\Program Files (x86)\jfreechart\lib\orsonpdf-1.6-eval.jar;C:\Program Files (x86)\jfreechart\lib\servlet.jar;C:\Program Files (x86)\jfreechart\lib\swtgraphics2d.jar;C:\Users\CY\Documents\NetBeansProjects\FiboCrossover\build\classes
Launcher Type: SUN_STANDARD

Environment Variables:
PATH=C:\ProgramData\Oracle\Java\javapath;C:\Program Files (x86)\Intel\iCLS Client\;C:\Program Files\Intel\iCLS Client\;C:\WINDOWS\system32;C:\WINDOWS;C:\WINDOWS\System32\Wbem;C:\WINDOWS\System32\WindowsPowerShell\v1.0\;C:\Program Files\MATLAB\R2015b\runtime\win64;C:\Program Files\MATLAB\R2015b\bin;C:\Program Files\MATLAB\R2015b\polyspace\bin;C:\Program Files (x86)\Calibre2\;C:\Program Files (x86)\Skype\Phone\;C:\ProgramData\Oracle\Java\javapath;C:\Program Files (x86)\Intel\iCLS Client\;C:\Program Files\Intel\iCLS Client\;C:\WINDOWS\system32;C:\WINDOWS;C:\WINDOWS\System32\Wbem;C:\WINDOWS\System32\WindowsPowerShell\v1.0\;C:\Program Files\MATLAB\R2015b\runtime\win64;C:\Program Files\MATLAB\R2015b\bin;C:\Program Files\MATLAB\R2015b\polyspace\bin;C:\Program Files (x86)\Calibre2\;C:\ProgramData\Oracle\Java\javapath;C:\Program Files (x86)\Intel\iCLS Client\;C:\Program Files\Intel\iCLS Client\;C:\WINDOWS\system32;C:\WINDOWS;C:\WINDOWS\System32\Wbem;C:\WINDOWS\System32\WindowsPowerShell\v1.0\;C:\Program Files\MATLAB\R2015b\runtime\win64;C:\Program Files\MATLAB\R2015b\bin;C:\Program Files\MATLAB\R2015b\polyspace\bin;C:\Program Files (x86)\Calibre2\;C:\Program Files (x86)\clisp-2.49:C:\MinGW\bin;C:\MinGW\bin;C:\Users\CY\AppData\Local\Programs\EmEditor
USERNAME=CY
OS=Windows_NT
PROCESSOR_IDENTIFIER=Intel64 Family 6 Model 69 Stepping 1, GenuineIntel



---------------  S Y S T E M  ---------------

OS: Windows 10.0 , 64 bit Build 10586 (10.0.10586.0)

CPU:total 4 (2 cores per cpu, 2 threads per core) family 6 model 69 stepping 1, cmov, cx8, fxsr, mmx, sse, sse2, sse3, ssse3, sse4.1, sse4.2, popcnt, avx, avx2, aes, clmul, erms, lzcnt, ht, tsc, tscinvbit, bmi1, bmi2

Memory: 4k page, physical 4133144k(603492k free), swap 7233948k(5616k free)

vm_info: Java HotSpot(TM) 64-Bit Server VM (25.77-b03) for windows-amd64 JRE (1.8.0_77-b03), built on Mar 20 2016 22:01:33 by "java_re" with MS VC++ 10.0 (VS2010)

time: Mon Apr 24 01:56:24 2017
elapsed time: 4 seconds (0d 0h 0m 4s)

